Time: Tue Nov 29 16:07:15 2022
   Function: BeginOutputMode
Current Nest: 0000000000000000   Output Current Nest: 0
000000002F693020  


Time: Thu Jan 26 15:29:10 2023
   Function: BeginOutputMode
Current Nest: 0000000000000000   Output Current Nest: 0
0000000038727C30  


Time: Thu Jan 26 15:39:36 2023
   Function: BeginOutputMode
Current Nest: 0000000000000000   Output Current Nest: 0
000000002E923030  


Time: Wed Feb 22 14:17:52 2023
   Function: BeginOutputMode
Current Nest: 0000000000000000   Output Current Nest: 0
00000000408230E0  


Time: Wed Mar 15 12:07:36 2023
   Function: BeginOutputMode
Current Nest: 0000000000000000   Output Current Nest: 0
000000002ED2B030  


Time: Mon Mar 20 11:53:50 2023
   Function: BeginOutputMode
Current Nest: 0000000000000000   Output Current Nest: 0
0000000045F27B00  


Time: Thu Apr 27 10:53:03 2023
   Function: BeginOutputMode
Current Nest: 0000000000000000   Output Current Nest: 0
000000002CA09B80  


Time: Wed Jun  7 14:08:16 2023
   Function: BeginOutputMode
Current Nest: 0000000000000000   Output Current Nest: 0
000000003CDF9950  


Time: Wed Aug  2 17:14:41 2023
   Function: BeginOutputMode
Current Nest: 0000000000000000   Output Current Nest: 0
000000002E6F6080  


Time: Wed Aug  2 17:17:13 2023
   Function: BeginOutputMode
Current Nest: 0000000000000000   Output Current Nest: 0
000000002E6F6080  


Time: Fri Sep 22 11:06:35 2023
   Function: BeginOutputMode
Current Nest: 0000000000000000   Output Current Nest: 0
000000003D975060  


Time: Tue Oct 10 11:15:37 2023
   Function: BeginOutputMode
Current Nest: 0000000000000000   Output Current Nest: 0
00000000395509B0  


Time: Thu Oct 26 12:11:37 2023
   Function: BeginOutputMode
Current Nest: 0000000000000000   Output Current Nest: 0
000000003AEEF8C0  


